;  LST file generated by mikroListExporter - v.2.0 
; Date/Time: 7/28/2023 4:10:24 PM
;----------------------------------------------

;Address Opcode 	ASM
0x0000	0x2816      	GOTO       22
_____DoICP:
;__Lib_System.c,6 :: 		
;__Lib_System.c,9 :: 		
0x0003	0x1283      	BCF        STATUS, 5
0x0004	0x1303      	BCF        STATUS, 6
0x0005	0x0821      	MOVF       ___DoICPAddr+1, 0
0x0006	0x008A      	MOVWF      PCLATH
;__Lib_System.c,10 :: 		
0x0007	0x0820      	MOVF       ___DoICPAddr, 0
0x0008	0x0082      	MOVWF      PCL
;__Lib_System.c,12 :: 		
L_end_____DoICP:
0x0009	0x0008      	RETURN
; end of _____DoICP
___CC2DW:
;__Lib_System.c,134 :: 		
;__Lib_System.c,137 :: 		
_CC2D_Loop1:
;__Lib_System.c,139 :: 		
0x000A	0x2003      	CALL       _____DoICP
0x000B	0x118A      	BCF        PCLATH, 3
0x000C	0x120A      	BCF        PCLATH, 4
;__Lib_System.c,141 :: 		
0x000D	0x0080      	MOVWF      INDF
;__Lib_System.c,142 :: 		
0x000E	0x0A84      	INCF       FSR, 1
;__Lib_System.c,143 :: 		
0x000F	0x0AA0      	INCF       ___DoICPAddr, 1
;__Lib_System.c,145 :: 		
0x0010	0x1903      	BTFSC      STATUS, 2
;__Lib_System.c,146 :: 		
0x0011	0x0AA1      	INCF       ___DoICPAddr+1, 1
;__Lib_System.c,147 :: 		
0x0012	0x03F0      	DECF       R0, 1
;__Lib_System.c,149 :: 		
0x0013	0x1D03      	BTFSS      STATUS, 2
;__Lib_System.c,150 :: 		
0x0014	0x280A      	GOTO       _CC2D_Loop1
;__Lib_System.c,152 :: 		
L_end___CC2DW:
0x0015	0x0008      	RETURN
; end of ___CC2DW
_main:
;Project.c,1 :: 		void main() {
;Project.c,2 :: 		int counter=0,i,j;
;Project.c,3 :: 		trisb=0;
0x0016	0x1683      	BSF        STATUS, 5
0x0017	0x1303      	BCF        STATUS, 6
0x0018	0x0186      	CLRF       TRISB
;Project.c,4 :: 		portb=0;
0x0019	0x1283      	BCF        STATUS, 5
0x001A	0x0186      	CLRF       PORTB
;Project.c,5 :: 		trisc=0b11000000;
0x001B	0x30C0      	MOVLW      192
0x001C	0x1683      	BSF        STATUS, 5
0x001D	0x0087      	MOVWF      TRISC
;Project.c,6 :: 		RC0_bit=RC1_bit=RC2_bit=RC3_bit=RC4_bit=RC5_bit=0;
0x001E	0x1283      	BCF        STATUS, 5
0x001F	0x1287      	BCF        RC5_bit, BitPos(RC5_bit+0)
0x0020	0x1A87      	BTFSC      RC5_bit, BitPos(RC5_bit+0)
0x0021	0x2824      	GOTO       L__main46
0x0022	0x1207      	BCF        RC4_bit, BitPos(RC4_bit+0)
0x0023	0x2825      	GOTO       L__main47
L__main46:
0x0024	0x1607      	BSF        RC4_bit, BitPos(RC4_bit+0)
L__main47:
0x0025	0x1A07      	BTFSC      RC4_bit, BitPos(RC4_bit+0)
0x0026	0x2829      	GOTO       L__main48
0x0027	0x1187      	BCF        RC3_bit, BitPos(RC3_bit+0)
0x0028	0x282A      	GOTO       L__main49
L__main48:
0x0029	0x1587      	BSF        RC3_bit, BitPos(RC3_bit+0)
L__main49:
0x002A	0x1987      	BTFSC      RC3_bit, BitPos(RC3_bit+0)
0x002B	0x282E      	GOTO       L__main50
0x002C	0x1107      	BCF        RC2_bit, BitPos(RC2_bit+0)
0x002D	0x282F      	GOTO       L__main51
L__main50:
0x002E	0x1507      	BSF        RC2_bit, BitPos(RC2_bit+0)
L__main51:
0x002F	0x1907      	BTFSC      RC2_bit, BitPos(RC2_bit+0)
0x0030	0x2833      	GOTO       L__main52
0x0031	0x1087      	BCF        RC1_bit, BitPos(RC1_bit+0)
0x0032	0x2834      	GOTO       L__main53
L__main52:
0x0033	0x1487      	BSF        RC1_bit, BitPos(RC1_bit+0)
L__main53:
0x0034	0x1887      	BTFSC      RC1_bit, BitPos(RC1_bit+0)
0x0035	0x2838      	GOTO       L__main54
0x0036	0x1007      	BCF        RC0_bit, BitPos(RC0_bit+0)
0x0037	0x2839      	GOTO       L__main55
L__main54:
0x0038	0x1407      	BSF        RC0_bit, BitPos(RC0_bit+0)
L__main55:
;Project.c,7 :: 		trisd=0;
0x0039	0x1683      	BSF        STATUS, 5
0x003A	0x0188      	CLRF       TRISD
;Project.c,8 :: 		portd=0;
0x003B	0x1283      	BCF        STATUS, 5
0x003C	0x0188      	CLRF       PORTD
;Project.c,9 :: 		while(1){
L_main0:
;Project.c,10 :: 		if(RC6_bit==0){
0x003D	0x1B07      	BTFSC      RC6_bit, BitPos(RC6_bit+0)
0x003E	0x289D      	GOTO       L_main2
;Project.c,11 :: 		RC0_bit=RC4_bit=RC5_bit=0;
0x003F	0x1287      	BCF        RC5_bit, BitPos(RC5_bit+0)
0x0040	0x1A87      	BTFSC      RC5_bit, BitPos(RC5_bit+0)
0x0041	0x2844      	GOTO       L__main56
0x0042	0x1207      	BCF        RC4_bit, BitPos(RC4_bit+0)
0x0043	0x2845      	GOTO       L__main57
L__main56:
0x0044	0x1607      	BSF        RC4_bit, BitPos(RC4_bit+0)
L__main57:
0x0045	0x1A07      	BTFSC      RC4_bit, BitPos(RC4_bit+0)
0x0046	0x2849      	GOTO       L__main58
0x0047	0x1007      	BCF        RC0_bit, BitPos(RC0_bit+0)
0x0048	0x284A      	GOTO       L__main59
L__main58:
0x0049	0x1407      	BSF        RC0_bit, BitPos(RC0_bit+0)
L__main59:
;Project.c,12 :: 		for(i=35;i>0;i--){
0x004A	0x3023      	MOVLW      35
0x004B	0x00F1      	MOVWF      R1
0x004C	0x3000      	MOVLW      0
0x004D	0x00F2      	MOVWF      R1+1
L_main3:
0x004E	0x3080      	MOVLW      128
0x004F	0x00F0      	MOVWF      R0
0x0050	0x3080      	MOVLW      128
0x0051	0x0672      	XORWF      R1+1, 0
0x0052	0x0270      	SUBWF      R0, 0
0x0053	0x1D03      	BTFSS      STATUS, 2
0x0054	0x2857      	GOTO       L__main60
0x0055	0x0871      	MOVF       R1, 0
0x0056	0x3C00      	SUBLW      0
L__main60:
0x0057	0x1803      	BTFSC      STATUS, 0
0x0058	0x289D      	GOTO       L_main4
;Project.c,13 :: 		portc.RC3=1;
0x0059	0x1587      	BSF        PORTC, 3
;Project.c,14 :: 		portb=i;
0x005A	0x0871      	MOVF       R1, 0
0x005B	0x0086      	MOVWF      PORTB
;Project.c,15 :: 		portd=i;
0x005C	0x0871      	MOVF       R1, 0
0x005D	0x0088      	MOVWF      PORTD
;Project.c,16 :: 		if(i>32){
0x005E	0x3080      	MOVLW      128
0x005F	0x00F0      	MOVWF      R0
0x0060	0x3080      	MOVLW      128
0x0061	0x0672      	XORWF      R1+1, 0
0x0062	0x0270      	SUBWF      R0, 0
0x0063	0x1D03      	BTFSS      STATUS, 2
0x0064	0x2867      	GOTO       L__main61
0x0065	0x0871      	MOVF       R1, 0
0x0066	0x3C20      	SUBLW      32
L__main61:
0x0067	0x1803      	BTFSC      STATUS, 0
0x0068	0x286C      	GOTO       L_main6
;Project.c,17 :: 		portc.b1=1;
0x0069	0x1487      	BSF        PORTC, 1
;Project.c,18 :: 		portc.b2=0;
0x006A	0x1107      	BCF        PORTC, 2
;Project.c,19 :: 		}
0x006B	0x286E      	GOTO       L_main7
L_main6:
;Project.c,21 :: 		portc.b1=0;
0x006C	0x1087      	BCF        PORTC, 1
;Project.c,22 :: 		portc.b2=1;
0x006D	0x1507      	BSF        PORTC, 2
;Project.c,23 :: 		}
L_main7:
;Project.c,24 :: 		if(RC6_bit==1)
0x006E	0x1F07      	BTFSS      RC6_bit, BitPos(RC6_bit+0)
0x006F	0x2871      	GOTO       L_main8
;Project.c,25 :: 		break;
0x0070	0x289D      	GOTO       L_main4
L_main8:
;Project.c,26 :: 		delay_ms(1000);
0x0071	0x300B      	MOVLW      11
0x0072	0x00FB      	MOVWF      R11
0x0073	0x3026      	MOVLW      38
0x0074	0x00FC      	MOVWF      R12
0x0075	0x305D      	MOVLW      93
0x0076	0x00FD      	MOVWF      R13
L_main9:
0x0077	0x0BFD      	DECFSZ     R13, 1
0x0078	0x2877      	GOTO       L_main9
0x0079	0x0BFC      	DECFSZ     R12, 1
0x007A	0x2877      	GOTO       L_main9
0x007B	0x0BFB      	DECFSZ     R11, 1
0x007C	0x2877      	GOTO       L_main9
0x007D	0x0000      	NOP
0x007E	0x0000      	NOP
;Project.c,27 :: 		if(i==32)
0x007F	0x3000      	MOVLW      0
0x0080	0x0672      	XORWF      R1+1, 0
0x0081	0x1D03      	BTFSS      STATUS, 2
0x0082	0x2885      	GOTO       L__main62
0x0083	0x3020      	MOVLW      32
0x0084	0x0671      	XORWF      R1, 0
L__main62:
0x0085	0x1D03      	BTFSS      STATUS, 2
0x0086	0x288C      	GOTO       L_main10
;Project.c,28 :: 		i=26;
0x0087	0x301A      	MOVLW      26
0x0088	0x00F1      	MOVWF      R1
0x0089	0x3000      	MOVLW      0
0x008A	0x00F2      	MOVWF      R1+1
0x008B	0x2898      	GOTO       L_main11
L_main10:
;Project.c,29 :: 		else if(i==16)
0x008C	0x3000      	MOVLW      0
0x008D	0x0672      	XORWF      R1+1, 0
0x008E	0x1D03      	BTFSS      STATUS, 2
0x008F	0x2892      	GOTO       L__main63
0x0090	0x3010      	MOVLW      16
0x0091	0x0671      	XORWF      R1, 0
L__main63:
0x0092	0x1D03      	BTFSS      STATUS, 2
0x0093	0x2898      	GOTO       L_main12
;Project.c,30 :: 		i=10;
0x0094	0x300A      	MOVLW      10
0x0095	0x00F1      	MOVWF      R1
0x0096	0x3000      	MOVLW      0
0x0097	0x00F2      	MOVWF      R1+1
L_main12:
L_main11:
;Project.c,12 :: 		for(i=35;i>0;i--){
0x0098	0x3001      	MOVLW      1
0x0099	0x02F1      	SUBWF      R1, 1
0x009A	0x1C03      	BTFSS      STATUS, 0
0x009B	0x03F2      	DECF       R1+1, 1
;Project.c,31 :: 		}
0x009C	0x284E      	GOTO       L_main3
L_main4:
;Project.c,32 :: 		}
L_main2:
;Project.c,33 :: 		if(RC6_bit==0){
0x009D	0x1B07      	BTFSC      RC6_bit, BitPos(RC6_bit+0)
0x009E	0x28F0      	GOTO       L_main13
;Project.c,34 :: 		RC1_bit=RC2_bit=RC3_bit=0;
0x009F	0x1187      	BCF        RC3_bit, BitPos(RC3_bit+0)
0x00A0	0x1987      	BTFSC      RC3_bit, BitPos(RC3_bit+0)
0x00A1	0x28A4      	GOTO       L__main64
0x00A2	0x1107      	BCF        RC2_bit, BitPos(RC2_bit+0)
0x00A3	0x28A5      	GOTO       L__main65
L__main64:
0x00A4	0x1507      	BSF        RC2_bit, BitPos(RC2_bit+0)
L__main65:
0x00A5	0x1907      	BTFSC      RC2_bit, BitPos(RC2_bit+0)
0x00A6	0x28A9      	GOTO       L__main66
0x00A7	0x1087      	BCF        RC1_bit, BitPos(RC1_bit+0)
0x00A8	0x28AA      	GOTO       L__main67
L__main66:
0x00A9	0x1487      	BSF        RC1_bit, BitPos(RC1_bit+0)
L__main67:
;Project.c,35 :: 		for(i=21;i>0;i--){
0x00AA	0x3015      	MOVLW      21
0x00AB	0x00F1      	MOVWF      R1
0x00AC	0x3000      	MOVLW      0
0x00AD	0x00F2      	MOVWF      R1+1
L_main14:
0x00AE	0x3080      	MOVLW      128
0x00AF	0x00F0      	MOVWF      R0
0x00B0	0x3080      	MOVLW      128
0x00B1	0x0672      	XORWF      R1+1, 0
0x00B2	0x0270      	SUBWF      R0, 0
0x00B3	0x1D03      	BTFSS      STATUS, 2
0x00B4	0x28B7      	GOTO       L__main68
0x00B5	0x0871      	MOVF       R1, 0
0x00B6	0x3C00      	SUBLW      0
L__main68:
0x00B7	0x1803      	BTFSC      STATUS, 0
0x00B8	0x28F0      	GOTO       L_main15
;Project.c,36 :: 		portc.RC0=1;
0x00B9	0x1407      	BSF        PORTC, 0
;Project.c,37 :: 		portb=i;
0x00BA	0x0871      	MOVF       R1, 0
0x00BB	0x0086      	MOVWF      PORTB
;Project.c,38 :: 		portd=i;
0x00BC	0x0871      	MOVF       R1, 0
0x00BD	0x0088      	MOVWF      PORTD
;Project.c,39 :: 		if(i>18){
0x00BE	0x3080      	MOVLW      128
0x00BF	0x00F0      	MOVWF      R0
0x00C0	0x3080      	MOVLW      128
0x00C1	0x0672      	XORWF      R1+1, 0
0x00C2	0x0270      	SUBWF      R0, 0
0x00C3	0x1D03      	BTFSS      STATUS, 2
0x00C4	0x28C7      	GOTO       L__main69
0x00C5	0x0871      	MOVF       R1, 0
0x00C6	0x3C12      	SUBLW      18
L__main69:
0x00C7	0x1803      	BTFSC      STATUS, 0
0x00C8	0x28CC      	GOTO       L_main17
;Project.c,40 :: 		portc.b4=1;
0x00C9	0x1607      	BSF        PORTC, 4
;Project.c,41 :: 		portc.b5=0;
0x00CA	0x1287      	BCF        PORTC, 5
;Project.c,42 :: 		}
0x00CB	0x28CE      	GOTO       L_main18
L_main17:
;Project.c,44 :: 		portc.b4=0;
0x00CC	0x1207      	BCF        PORTC, 4
;Project.c,45 :: 		portc.b5=1;
0x00CD	0x1687      	BSF        PORTC, 5
;Project.c,46 :: 		}
L_main18:
;Project.c,47 :: 		if(RC6_bit==1)
0x00CE	0x1F07      	BTFSS      RC6_bit, BitPos(RC6_bit+0)
0x00CF	0x28D1      	GOTO       L_main19
;Project.c,48 :: 		break;
0x00D0	0x28F0      	GOTO       L_main15
L_main19:
;Project.c,49 :: 		delay_ms(1000);
0x00D1	0x300B      	MOVLW      11
0x00D2	0x00FB      	MOVWF      R11
0x00D3	0x3026      	MOVLW      38
0x00D4	0x00FC      	MOVWF      R12
0x00D5	0x305D      	MOVLW      93
0x00D6	0x00FD      	MOVWF      R13
L_main20:
0x00D7	0x0BFD      	DECFSZ     R13, 1
0x00D8	0x28D7      	GOTO       L_main20
0x00D9	0x0BFC      	DECFSZ     R12, 1
0x00DA	0x28D7      	GOTO       L_main20
0x00DB	0x0BFB      	DECFSZ     R11, 1
0x00DC	0x28D7      	GOTO       L_main20
0x00DD	0x0000      	NOP
0x00DE	0x0000      	NOP
;Project.c,50 :: 		if(i==16)
0x00DF	0x3000      	MOVLW      0
0x00E0	0x0672      	XORWF      R1+1, 0
0x00E1	0x1D03      	BTFSS      STATUS, 2
0x00E2	0x28E5      	GOTO       L__main70
0x00E3	0x3010      	MOVLW      16
0x00E4	0x0671      	XORWF      R1, 0
L__main70:
0x00E5	0x1D03      	BTFSS      STATUS, 2
0x00E6	0x28EB      	GOTO       L_main21
;Project.c,51 :: 		i=10;
0x00E7	0x300A      	MOVLW      10
0x00E8	0x00F1      	MOVWF      R1
0x00E9	0x3000      	MOVLW      0
0x00EA	0x00F2      	MOVWF      R1+1
L_main21:
;Project.c,35 :: 		for(i=21;i>0;i--){
0x00EB	0x3001      	MOVLW      1
0x00EC	0x02F1      	SUBWF      R1, 1
0x00ED	0x1C03      	BTFSS      STATUS, 0
0x00EE	0x03F2      	DECF       R1+1, 1
;Project.c,53 :: 		}
0x00EF	0x28AE      	GOTO       L_main14
L_main15:
;Project.c,54 :: 		}
L_main13:
;Project.c,55 :: 		if(RC6_bit==1){
0x00F0	0x1F07      	BTFSS      RC6_bit, BitPos(RC6_bit+0)
0x00F1	0x293F      	GOTO       L_main22
;Project.c,56 :: 		if(RC7_bit==0){
0x00F2	0x1B87      	BTFSC      RC7_bit, BitPos(RC7_bit+0)
0x00F3	0x293F      	GOTO       L_main23
;Project.c,57 :: 		if(RC3_bit==1&&RC1_bit==1){//yellow
0x00F4	0x1D87      	BTFSS      RC3_bit, BitPos(RC3_bit+0)
0x00F5	0x2908      	GOTO       L_main26
0x00F6	0x1C87      	BTFSS      RC1_bit, BitPos(RC1_bit+0)
0x00F7	0x2908      	GOTO       L_main26
L__main44:
;Project.c,58 :: 		delay_ms(3000);
0x00F8	0x301F      	MOVLW      31
0x00F9	0x00FB      	MOVWF      R11
0x00FA	0x3071      	MOVLW      113
0x00FB	0x00FC      	MOVWF      R12
0x00FC	0x301E      	MOVLW      30
0x00FD	0x00FD      	MOVWF      R13
L_main27:
0x00FE	0x0BFD      	DECFSZ     R13, 1
0x00FF	0x28FE      	GOTO       L_main27
0x0100	0x0BFC      	DECFSZ     R12, 1
0x0101	0x28FE      	GOTO       L_main27
0x0102	0x0BFB      	DECFSZ     R11, 1
0x0103	0x28FE      	GOTO       L_main27
0x0104	0x0000      	NOP
;Project.c,59 :: 		RC1_bit=0;
0x0105	0x1087      	BCF        RC1_bit, BitPos(RC1_bit+0)
;Project.c,60 :: 		RC2_bit=1;
0x0106	0x1507      	BSF        RC2_bit, BitPos(RC2_bit+0)
;Project.c,61 :: 		}
0x0107	0x293F      	GOTO       L_main28
L_main26:
;Project.c,62 :: 		else if(RC3_bit==1&&RC2_bit==1){
0x0108	0x1D87      	BTFSS      RC3_bit, BitPos(RC3_bit+0)
0x0109	0x291C      	GOTO       L_main31
0x010A	0x1D07      	BTFSS      RC2_bit, BitPos(RC2_bit+0)
0x010B	0x291C      	GOTO       L_main31
L__main43:
;Project.c,63 :: 		while(RC7_bit==0){}
L_main32:
0x010C	0x1B87      	BTFSC      RC7_bit, BitPos(RC7_bit+0)
0x010D	0x290F      	GOTO       L_main33
0x010E	0x290C      	GOTO       L_main32
L_main33:
;Project.c,64 :: 		RC3_bit=RC2_bit=0;
0x010F	0x1107      	BCF        RC2_bit, BitPos(RC2_bit+0)
0x0110	0x1907      	BTFSC      RC2_bit, BitPos(RC2_bit+0)
0x0111	0x2914      	GOTO       L__main71
0x0112	0x1187      	BCF        RC3_bit, BitPos(RC3_bit+0)
0x0113	0x2915      	GOTO       L__main72
L__main71:
0x0114	0x1587      	BSF        RC3_bit, BitPos(RC3_bit+0)
L__main72:
;Project.c,65 :: 		RC0_bit=RC4_bit=1;
0x0115	0x1607      	BSF        RC4_bit, BitPos(RC4_bit+0)
0x0116	0x1A07      	BTFSC      RC4_bit, BitPos(RC4_bit+0)
0x0117	0x291A      	GOTO       L__main73
0x0118	0x1007      	BCF        RC0_bit, BitPos(RC0_bit+0)
0x0119	0x291B      	GOTO       L__main74
L__main73:
0x011A	0x1407      	BSF        RC0_bit, BitPos(RC0_bit+0)
L__main74:
;Project.c,66 :: 		}
0x011B	0x293F      	GOTO       L_main34
L_main31:
;Project.c,67 :: 		else if(RC0_bit==1&&RC4_bit==1){ //yellow
0x011C	0x1C07      	BTFSS      RC0_bit, BitPos(RC0_bit+0)
0x011D	0x2930      	GOTO       L_main37
0x011E	0x1E07      	BTFSS      RC4_bit, BitPos(RC4_bit+0)
0x011F	0x2930      	GOTO       L_main37
L__main42:
;Project.c,68 :: 		delay_ms(3000);
0x0120	0x301F      	MOVLW      31
0x0121	0x00FB      	MOVWF      R11
0x0122	0x3071      	MOVLW      113
0x0123	0x00FC      	MOVWF      R12
0x0124	0x301E      	MOVLW      30
0x0125	0x00FD      	MOVWF      R13
L_main38:
0x0126	0x0BFD      	DECFSZ     R13, 1
0x0127	0x2926      	GOTO       L_main38
0x0128	0x0BFC      	DECFSZ     R12, 1
0x0129	0x2926      	GOTO       L_main38
0x012A	0x0BFB      	DECFSZ     R11, 1
0x012B	0x2926      	GOTO       L_main38
0x012C	0x0000      	NOP
;Project.c,69 :: 		RC4_bit=0;
0x012D	0x1207      	BCF        RC4_bit, BitPos(RC4_bit+0)
;Project.c,70 :: 		RC5_bit=1;
0x012E	0x1687      	BSF        RC5_bit, BitPos(RC5_bit+0)
;Project.c,71 :: 		}
0x012F	0x293F      	GOTO       L_main39
L_main37:
;Project.c,73 :: 		while(RC7_bit==0){}
L_main40:
0x0130	0x1B87      	BTFSC      RC7_bit, BitPos(RC7_bit+0)
0x0131	0x2933      	GOTO       L_main41
0x0132	0x2930      	GOTO       L_main40
L_main41:
;Project.c,74 :: 		RC0_bit=RC5_bit=0;
0x0133	0x1287      	BCF        RC5_bit, BitPos(RC5_bit+0)
0x0134	0x1A87      	BTFSC      RC5_bit, BitPos(RC5_bit+0)
0x0135	0x2938      	GOTO       L__main75
0x0136	0x1007      	BCF        RC0_bit, BitPos(RC0_bit+0)
0x0137	0x2939      	GOTO       L__main76
L__main75:
0x0138	0x1407      	BSF        RC0_bit, BitPos(RC0_bit+0)
L__main76:
;Project.c,75 :: 		RC3_bit=RC1_bit=1;
0x0139	0x1487      	BSF        RC1_bit, BitPos(RC1_bit+0)
0x013A	0x1887      	BTFSC      RC1_bit, BitPos(RC1_bit+0)
0x013B	0x293E      	GOTO       L__main77
0x013C	0x1187      	BCF        RC3_bit, BitPos(RC3_bit+0)
0x013D	0x293F      	GOTO       L__main78
L__main77:
0x013E	0x1587      	BSF        RC3_bit, BitPos(RC3_bit+0)
L__main78:
;Project.c,76 :: 		}
L_main39:
L_main34:
L_main28:
;Project.c,77 :: 		}
L_main23:
;Project.c,78 :: 		}
L_main22:
;Project.c,79 :: 		}
0x013F	0x283D      	GOTO       L_main0
;Project.c,81 :: 		}
L_end_main:
0x0140	0x2940      	GOTO       $+0
; end of _main
Symbol List:
//** Routines locations **
//ADDRESS    SIZE    PROCEDURE
//----------------------------------------------
0x0003       [7]    _____DoICP
0x000A      [12]    ___CC2DW
0x0016     [299]    _main
//** Variables locations ** 
//ADDRESS    SIZE    VARIABLE
//----------------------------------------------
0x0000       [1]    INDF
0x0002       [1]    PCL
0x0003       [1]    STATUS
0x0004       [1]    FSR
0x0006       [1]    PORTB
0x0007       [0]    RC0_bit
0x0007       [0]    RC7_bit
0x0007       [0]    RC1_bit
0x0007       [0]    RC3_bit
0x0007       [0]    RC6_bit
0x0007       [0]    RC4_bit
0x0007       [1]    PORTC
0x0007       [0]    RC5_bit
0x0007       [0]    RC2_bit
0x0008       [1]    PORTD
0x000A       [1]    PCLATH
0x0020       [2]    ___DoICPAddr
0x0070       [1]    R0
0x0071       [1]    R1
0x0072       [1]    R2
0x0073       [1]    R3
0x0074       [1]    R4
0x0075       [1]    R5
0x0076       [1]    R6
0x0077       [1]    R7
0x0078       [1]    R8
0x0079       [1]    R9
0x007A       [1]    R10
0x007B       [1]    R11
0x007C       [1]    R12
0x007D       [1]    R13
0x007E       [1]    R14
0x007F       [1]    R15
0x0086       [1]    TRISB
0x0087       [1]    TRISC
0x0088       [1]    TRISD
//** Label List: ** 
//----------------------------------------------
  L_main0
  L_main1
  L_main2
  L_main3
  L_main4
  L_main5
  L_main6
  L_main7
  L_main8
  L_main9
  L_main10
  L_main11
  L_main12
  L_main13
  L_main14
  L_main15
  L_main16
  L_main17
  L_main18
  L_main19
  L_main20
  L_main21
  L_main22
  L_main23
  L_main24
  L_main25
  L_main26
  L_main27
  L_main28
  L_main29
  L_main30
  L_main31
  L_main32
  L_main33
  L_main34
  L_main35
  L_main36
  L_main37
  L_main38
  L_main39
  L_main40
  L_main41
  L__main42
  L__main43
  L__main44
  L_end_main
  _main
  L__main46
  L__main47
  L__main48
  L__main49
  L__main50
  L__main51
  L__main52
  L__main53
  L__main54
  L__main55
  L__main56
  L__main57
  L__main58
  L__main59
  L__main60
  L__main61
  L__main62
  L__main63
  L__main64
  L__main65
  L__main66
  L__main67
  L__main68
  L__main69
  L__main70
  L__main71
  L__main72
  L__main73
  L__main74
  L__main75
  L__main76
  L__main77
  L__main78
  L_loopCA2AWs
  L_CA2AWend
  _CCA2AW_Loop1
  L_loopCS2Ss
  L_CS2Send
  _CCS2S_Loop1
  L_CCS2Send
  L_loopFZinSWs
  L_FZinSend
  _CC2D_Loop1
  L_end_____DoICP
  _____DoICP
  L_end_____DoIFC
  _____DoIFC
  L_end___CA2AW
  ___CA2AW
  L_end___CCA2AW
  ___CCA2AW
  L_end___CS2S
  ___CS2S
  L_end___CCS2S
  ___CCS2S
  L_end___FZinS
  ___FZinS
  L_end___CC2DW
  ___CC2DW
  L_end_Swap
  _Swap
